  arm.cpp
  head.cpp
  InputManager.cpp
D:\Graphics Programming\GPAssignment\GraphicProgrammingAssignment\InputManager.cpp(173,11): warning C4244: 'initializing': conversion from 'int' to 'float', possible loss of data
D:\Graphics Programming\GPAssignment\GraphicProgrammingAssignment\InputManager.cpp(174,11): warning C4244: 'initializing': conversion from 'int' to 'float', possible loss of data
D:\Graphics Programming\GPAssignment\GraphicProgrammingAssignment\InputManager.cpp(204,23): warning C4244: '+=': conversion from 'double' to 'float', possible loss of data
D:\Graphics Programming\GPAssignment\GraphicProgrammingAssignment\InputManager.cpp(205,23): warning C4244: '-=': conversion from 'double' to 'float', possible loss of data
D:\Graphics Programming\GPAssignment\GraphicProgrammingAssignment\InputManager.cpp(209,23): warning C4244: '-=': conversion from 'double' to 'float', possible loss of data
D:\Graphics Programming\GPAssignment\GraphicProgrammingAssignment\InputManager.cpp(210,23): warning C4244: '-=': conversion from 'double' to 'float', possible loss of data
D:\Graphics Programming\GPAssignment\GraphicProgrammingAssignment\InputManager.cpp(214,23): warning C4244: '-=': conversion from 'double' to 'float', possible loss of data
D:\Graphics Programming\GPAssignment\GraphicProgrammingAssignment\InputManager.cpp(215,23): warning C4244: '+=': conversion from 'double' to 'float', possible loss of data
D:\Graphics Programming\GPAssignment\GraphicProgrammingAssignment\InputManager.cpp(219,23): warning C4244: '+=': conversion from 'double' to 'float', possible loss of data
D:\Graphics Programming\GPAssignment\GraphicProgrammingAssignment\InputManager.cpp(220,23): warning C4244: '+=': conversion from 'double' to 'float', possible loss of data
  leg.cpp
  main.cpp
D:\Graphics Programming\GPAssignment\GraphicProgrammingAssignment\main.cpp(125,23): warning C4244: '=': conversion from 'double' to 'float', possible loss of data
D:\Graphics Programming\GPAssignment\GraphicProgrammingAssignment\main.cpp(126,12): warning C4244: '=': conversion from 'double' to 'float', possible loss of data
D:\Graphics Programming\GPAssignment\GraphicProgrammingAssignment\main.cpp(127,24): warning C4244: '=': conversion from 'double' to 'float', possible loss of data
  torso.cpp
  Generating Code...
  LINK : D:\Graphics Programming\GPAssignment\Debug\GraphicProgrammingAssignment.exe not found or not built by the last incremental link; performing full link
  GraphicProgrammingAssignment.vcxproj -> D:\Graphics Programming\GPAssignment\Debug\GraphicProgrammingAssignment.exe
